<?xml version="1.0" encoding="UTF-8"?>
<testsuite name="RectangleTest" tests="2" skipped="0" failures="0" errors="0" timestamp="2022-07-27T07:20:35" hostname="gurushifu-gurushifugitp-u25obzql700" time="0.02">
  <properties/>
  <testcase name="shouldReturnRectangleAreaWhenBreadthAndHeightGiven()" classname="RectangleTest" time="0.016"/>
  <testcase name="shouldReturnRectanglePerimeterWhenBreadthAndHeightGiven()" classname="RectangleTest" time="0.002"/>
  <system-out><![CDATA[]]></system-out>
  <system-err><![CDATA[]]></system-err>
</testsuite>
